<?xml version="1.0" encoding="UTF-8"?>
<!-- Generated by org.testng.reporters.JUnitXMLReporter -->
<testsuite ignored="0" hostname="IVAR" failures="0" tests="3" name="BankingApp Test" time="32.843" errors="0" timestamp="2021-08-12T23:49:53 IST">
  <testcase classname="com.inetBanking.testCases.TC_AddCustomerTest_003" name="addNewCustomer" time="8.813"/>
  <testcase classname="com.inetBanking.testCases.TC_EditCustomerTest_004" name="editCustomerTest" time="4.182"/>
  <testcase classname="com.inetBanking.testCases.TC_DeleteCustomerTest_005" name="deleteCustomer" time="2.983"/>
</testsuite> <!-- BankingApp Test -->
