<?xml version="1.0" encoding="UTF-8"?>
<testsuite name="TestSuite" time="18.296" tests="7" errors="0" skipped="0" failures="3">
  <properties>
[...]
</properties>
  <testcase name="loginTest" classname="com.inetBanking.testCases.TC_LoginTest_001" time="2.392"/>
  <testcase name="LoginDDT" classname="com.inetBanking.testCases.TC_LoginDDT_002" time="8.928"/>
  <testcase name="LoginDDT" classname="com.inetBanking.testCases.TC_LoginDDT_002" time="5.237">
    <failure type="junit.framework.AssertionFailedError:">junit.framework.AssertionFailedError: null
	at junit.framework.Assert.fail(Assert.java:47)
	at junit.framework.Assert.assertTrue(Assert.java:20)
	at junit.framework.Assert.assertTrue(Assert.java:27)
	at com.inetBanking.testCases.TC_LoginDDT_002.LoginDDT(TC_LoginDDT_002.java:36)
</failure>
    <system-out><![CDATA[ INFO [main] (TC_LoginDDT_002.java:22)- set username successful
 INFO [main] (TC_LoginDDT_002.java:25)- set password successful
 INFO [main] (TC_LoginDDT_002.java:28)- click login 
 INFO [main] (TC_LoginDDT_002.java:30)- sleep : 3secs
 INFO [main] (TC_LoginDDT_002.java:34)- login test failed
]]></system-out>
  </testcase>
  <testcase name="LoginDDT" classname="com.inetBanking.testCases.TC_LoginDDT_002" time="5.253">
    <failure type="junit.framework.AssertionFailedError:">junit.framework.AssertionFailedError: null
	at junit.framework.Assert.fail(Assert.java:47)
	at junit.framework.Assert.assertTrue(Assert.java:20)
	at junit.framework.Assert.assertTrue(Assert.java:27)
	at com.inetBanking.testCases.TC_LoginDDT_002.LoginDDT(TC_LoginDDT_002.java:36)
</failure>
    <system-out><![CDATA[ INFO [main] (TC_LoginDDT_002.java:22)- set username successful
 INFO [main] (TC_LoginDDT_002.java:25)- set password successful
 INFO [main] (TC_LoginDDT_002.java:28)- click login 
 INFO [main] (TC_LoginDDT_002.java:30)- sleep : 3secs
 INFO [main] (TC_LoginDDT_002.java:34)- login test failed
]]></system-out>
  </testcase>
  <testcase name="LoginDDT" classname="com.inetBanking.testCases.TC_LoginDDT_002" time="10.942"/>
  <testcase name="LoginDDT" classname="com.inetBanking.testCases.TC_LoginDDT_002" time="4.946">
    <failure type="junit.framework.AssertionFailedError:">junit.framework.AssertionFailedError: null
	at junit.framework.Assert.fail(Assert.java:47)
	at junit.framework.Assert.assertTrue(Assert.java:20)
	at junit.framework.Assert.assertTrue(Assert.java:27)
	at com.inetBanking.testCases.TC_LoginDDT_002.LoginDDT(TC_LoginDDT_002.java:36)
</failure>
    <system-out><![CDATA[ INFO [main] (TC_LoginDDT_002.java:22)- set username successful
 INFO [main] (TC_LoginDDT_002.java:25)- set password successful
 INFO [main] (TC_LoginDDT_002.java:28)- click login 
 INFO [main] (TC_LoginDDT_002.java:30)- sleep : 3secs
 INFO [main] (TC_LoginDDT_002.java:34)- login test failed
]]></system-out>
  </testcase>
  <testcase name="addNewCustomer" classname="com.inetBanking.testCases.TC_AddCustomerTest_003" time="6.976"/>
</testsuite>