<?xml version="1.0" encoding="UTF-8"?>
<testng-results ignored="0" total="3" passed="3" failed="0" skipped="0">
  <reporter-output>
  </reporter-output>
  <suite started-at="2021-08-12T23:49:20 IST" name="InetBankingV1" finished-at="2021-08-12T23:49:52 IST" duration-ms="32843">
    <groups>
    </groups>
    <test started-at="2021-08-12T23:49:20 IST" name="BankingApp Test" finished-at="2021-08-12T23:49:52 IST" duration-ms="32843">
      <class name="com.inetBanking.testCases.TC_AddCustomerTest_003">
        <test-method is-config="true" signature="setup(java.lang.String)[pri:0, instance:com.inetBanking.testCases.TC_AddCustomerTest_003@27462a88]" started-at="2021-08-12T23:49:20 IST" name="setup" finished-at="2021-08-12T23:49:26 IST" duration-ms="5686" status="PASS">
          <params>
            <param index="0">
              <value>
                <![CDATA[chrome]]>
              </value>
            </param>
          </params>
          <reporter-output>
          </reporter-output>
        </test-method> <!-- setup -->
        <test-method signature="addNewCustomer()[pri:0, instance:com.inetBanking.testCases.TC_AddCustomerTest_003@27462a88]" started-at="2021-08-12T23:49:26 IST" name="addNewCustomer" finished-at="2021-08-12T23:49:35 IST" duration-ms="8813" status="PASS">
          <reporter-output>
          </reporter-output>
        </test-method> <!-- addNewCustomer -->
        <test-method is-config="true" signature="teardown()[pri:0, instance:com.inetBanking.testCases.TC_AddCustomerTest_003@27462a88]" started-at="2021-08-12T23:49:35 IST" name="teardown" finished-at="2021-08-12T23:49:35 IST" duration-ms="304" status="PASS">
          <reporter-output>
          </reporter-output>
        </test-method> <!-- teardown -->
      </class> <!-- com.inetBanking.testCases.TC_AddCustomerTest_003 -->
      <class name="com.inetBanking.testCases.TC_DeleteCustomerTest_005">
        <test-method is-config="true" signature="setup(java.lang.String)[pri:0, instance:com.inetBanking.testCases.TC_DeleteCustomerTest_005@47d9a273]" started-at="2021-08-12T23:49:44 IST" name="setup" finished-at="2021-08-12T23:49:49 IST" duration-ms="5215" status="PASS">
          <params>
            <param index="0">
              <value>
                <![CDATA[chrome]]>
              </value>
            </param>
          </params>
          <reporter-output>
          </reporter-output>
        </test-method> <!-- setup -->
        <test-method signature="deleteCustomer(java.lang.String)[pri:0, instance:com.inetBanking.testCases.TC_DeleteCustomerTest_005@47d9a273]" started-at="2021-08-12T23:49:49 IST" name="deleteCustomer" data-provider="CustomerId" finished-at="2021-08-12T23:49:52 IST" duration-ms="2983" status="PASS">
          <params>
            <param index="0">
              <value>
                <![CDATA[63381]]>
              </value>
            </param>
          </params>
          <reporter-output>
          </reporter-output>
        </test-method> <!-- deleteCustomer -->
        <test-method is-config="true" signature="teardown()[pri:0, instance:com.inetBanking.testCases.TC_DeleteCustomerTest_005@47d9a273]" started-at="2021-08-12T23:49:52 IST" name="teardown" finished-at="2021-08-12T23:49:52 IST" duration-ms="291" status="PASS">
          <reporter-output>
          </reporter-output>
        </test-method> <!-- teardown -->
      </class> <!-- com.inetBanking.testCases.TC_DeleteCustomerTest_005 -->
      <class name="com.inetBanking.testCases.TC_EditCustomerTest_004">
        <test-method is-config="true" signature="setup(java.lang.String)[pri:0, instance:com.inetBanking.testCases.TC_EditCustomerTest_004@26e356f0]" started-at="2021-08-12T23:49:35 IST" name="setup" finished-at="2021-08-12T23:49:39 IST" duration-ms="4444" status="PASS">
          <params>
            <param index="0">
              <value>
                <![CDATA[chrome]]>
              </value>
            </param>
          </params>
          <reporter-output>
          </reporter-output>
        </test-method> <!-- setup -->
        <test-method signature="editCustomerTest(java.lang.String)[pri:0, instance:com.inetBanking.testCases.TC_EditCustomerTest_004@26e356f0]" started-at="2021-08-12T23:49:39 IST" name="editCustomerTest" data-provider="CustomerID" finished-at="2021-08-12T23:49:44 IST" duration-ms="4182" status="PASS">
          <params>
            <param index="0">
              <value>
                <![CDATA[63381]]>
              </value>
            </param>
          </params>
          <reporter-output>
          </reporter-output>
        </test-method> <!-- editCustomerTest -->
        <test-method is-config="true" signature="teardown()[pri:0, instance:com.inetBanking.testCases.TC_EditCustomerTest_004@26e356f0]" started-at="2021-08-12T23:49:44 IST" name="teardown" finished-at="2021-08-12T23:49:44 IST" duration-ms="321" status="PASS">
          <reporter-output>
          </reporter-output>
        </test-method> <!-- teardown -->
      </class> <!-- com.inetBanking.testCases.TC_EditCustomerTest_004 -->
    </test> <!-- BankingApp Test -->
  </suite> <!-- InetBankingV1 -->
</testng-results>
